  curve.cpp
curve.cpp(57): warning C4018: '<': signed/unsigned mismatch
curve.cpp(188): warning C4018: '<': signed/unsigned mismatch
curve.cpp(197): warning C4018: '<': signed/unsigned mismatch
curve.cpp(210): warning C4018: '<': signed/unsigned mismatch
curve.cpp(307): warning C4018: '<': signed/unsigned mismatch
curve.cpp(339): warning C4018: '<': signed/unsigned mismatch
curve.cpp(383): warning C4244: 'argument': conversion from 'double' to 'GLfloat', possible loss of data
curve.cpp(403): warning C4244: 'argument': conversion from 'double' to 'GLfloat', possible loss of data
  curveevaluator.cpp
  linearcurveevaluator.cpp
  camera.cpp
  modelerapp.cpp
modelerapp.cpp(41): warning C4996: 'strncpy': This function or variable may be unsafe. Consider using strncpy_s instead. To disable deprecation, use _CRT_SECURE_NO_WARNINGS. See online help for details.
  C:\Program Files (x86)\Windows Kits\10\Include\10.0.10240.0\ucrt\string.h(346): note: see declaration of 'strncpy'
modelerapp.cpp(132): warning C4244: 'argument': conversion from 'double' to 'float', possible loss of data
  modelerdraw.cpp
modelerdraw.cpp(150): warning C4996: 'fopen': This function or variable may be unsafe. Consider using fopen_s instead. To disable deprecation, use _CRT_SECURE_NO_WARNINGS. See online help for details.
  C:\Program Files (x86)\Windows Kits\10\Include\10.0.10240.0\ucrt\stdio.h(205): note: see declaration of 'fopen'
  modelerui.cpp
modelerui.cpp(57): warning C4996: '_splitpath': This function or variable may be unsafe. Consider using _splitpath_s instead. To disable deprecation, use _CRT_SECURE_NO_WARNINGS. See online help for details.
  C:\Program Files (x86)\Windows Kits\10\Include\10.0.10240.0\ucrt\stdlib.h(1096): note: see declaration of '_splitpath'
modelerui.cpp(86): warning C4996: '_splitpath': This function or variable may be unsafe. Consider using _splitpath_s instead. To disable deprecation, use _CRT_SECURE_NO_WARNINGS. See online help for details.
  C:\Program Files (x86)\Windows Kits\10\Include\10.0.10240.0\ucrt\stdlib.h(1096): note: see declaration of '_splitpath'
modelerui.cpp(109): warning C4996: '_splitpath': This function or variable may be unsafe. Consider using _splitpath_s instead. To disable deprecation, use _CRT_SECURE_NO_WARNINGS. See online help for details.
  C:\Program Files (x86)\Windows Kits\10\Include\10.0.10240.0\ucrt\stdlib.h(1096): note: see declaration of '_splitpath'
modelerui.cpp(246): warning C4244: 'argument': conversion from 'double' to 'int', possible loss of data
modelerui.cpp(398): warning C4244: 'initializing': conversion from 'double' to 'float', possible loss of data
modelerui.cpp(399): warning C4244: 'initializing': conversion from 'double' to 'float', possible loss of data
modelerui.cpp(425): warning C4244: 'initializing': conversion from 'double' to 'float', possible loss of data
modelerui.cpp(437): warning C4244: 'initializing': conversion from 'double' to 'float', possible loss of data
modelerui.cpp(450): warning C4244: 'argument': conversion from 'double' to 'float', possible loss of data
modelerui.cpp(460): warning C4244: 'argument': conversion from 'double' to 'float', possible loss of data
modelerui.cpp(470): warning C4244: 'argument': conversion from 'double' to 'float', possible loss of data
modelerui.cpp(561): warning C4244: 'initializing': conversion from 'double' to 'float', possible loss of data
modelerui.cpp(643): warning C4996: '_snprintf': This function or variable may be unsafe. Consider using _snprintf_s instead. To disable deprecation, use _CRT_SECURE_NO_WARNINGS. See online help for details.
  C:\Program Files (x86)\Windows Kits\10\Include\10.0.10240.0\ucrt\stdio.h(1952): note: see declaration of '_snprintf'
modelerui.cpp(721): warning C4996: '_snprintf': This function or variable may be unsafe. Consider using _snprintf_s instead. To disable deprecation, use _CRT_SECURE_NO_WARNINGS. See online help for details.
  C:\Program Files (x86)\Windows Kits\10\Include\10.0.10240.0\ucrt\stdio.h(1952): note: see declaration of '_snprintf'
modelerui.cpp(746): warning C4996: '_snprintf': This function or variable may be unsafe. Consider using _snprintf_s instead. To disable deprecation, use _CRT_SECURE_NO_WARNINGS. See online help for details.
  C:\Program Files (x86)\Windows Kits\10\Include\10.0.10240.0\ucrt\stdio.h(1952): note: see declaration of '_snprintf'
modelerui.cpp(765): warning C4244: 'return': conversion from 'double' to 'float', possible loss of data
modelerui.cpp(808): warning C4996: '_snprintf': This function or variable may be unsafe. Consider using _snprintf_s instead. To disable deprecation, use _CRT_SECURE_NO_WARNINGS. See online help for details.
  C:\Program Files (x86)\Windows Kits\10\Include\10.0.10240.0\ucrt\stdio.h(1952): note: see declaration of '_snprintf'
  modeleruiwindows.cxx
  modelerview.cpp
  robotarm.cpp
robotarm.cpp(86): warning C4838: conversion from 'double' to 'GLfloat' requires a narrowing conversion
  bitmap.cpp
bitmap.cpp(57): warning C4996: 'fopen': This function or variable may be unsafe. Consider using fopen_s instead. To disable deprecation, use _CRT_SECURE_NO_WARNINGS. See online help for details.
  C:\Program Files (x86)\Windows Kits\10\Include\10.0.10240.0\ucrt\stdio.h(205): note: see declaration of 'fopen'
bitmap.cpp(157): warning C4996: 'fopen': This function or variable may be unsafe. Consider using fopen_s instead. To disable deprecation, use _CRT_SECURE_NO_WARNINGS. See online help for details.
  C:\Program Files (x86)\Windows Kits\10\Include\10.0.10240.0\ucrt\stdio.h(205): note: see declaration of 'fopen'
  particle.cpp
  particleSystem.cpp
  point.cpp
  pointObj.cpp
  graphwidget.cpp
graphwidget.cpp(129): warning C4018: '<': signed/unsigned mismatch
graphwidget.cpp(154): warning C4018: '<': signed/unsigned mismatch
graphwidget.cpp(506): warning C4018: '<': signed/unsigned mismatch
graphwidget.cpp(515): warning C4018: '<': signed/unsigned mismatch
graphwidget.cpp(523): warning C4244: 'argument': conversion from 'const int' to 'const float', possible loss of data
graphwidget.cpp(525): warning C4018: '<': signed/unsigned mismatch
graphwidget.cpp(544): warning C4244: 'argument': conversion from 'const int' to 'const float', possible loss of data
graphwidget.cpp(574): warning C4018: '<': signed/unsigned mismatch
graphwidget.cpp(606): warning C4244: 'argument': conversion from 'const int' to 'const float', possible loss of data
graphwidget.cpp(625): warning C4244: 'argument': conversion from 'const int' to 'const float', possible loss of data
graphwidget.cpp(630): warning C4018: '<': signed/unsigned mismatch
graphwidget.cpp(649): warning C4018: '<': signed/unsigned mismatch
graphwidget.cpp(655): warning C4244: 'argument': conversion from 'const int' to 'const float', possible loss of data
graphwidget.cpp(656): warning C4244: 'argument': conversion from 'const int' to 'const float', possible loss of data
graphwidget.cpp(661): warning C4244: 'argument': conversion from 'const int' to 'const float', possible loss of data
graphwidget.cpp(666): warning C4244: 'argument': conversion from 'const int' to 'const float', possible loss of data
graphwidget.cpp(758): warning C4018: '<': signed/unsigned mismatch
graphwidget.cpp(802): warning C4018: '<': signed/unsigned mismatch
graphwidget.cpp(857): warning C4018: '<': signed/unsigned mismatch
graphwidget.cpp(901): warning C4018: '<': signed/unsigned mismatch
graphwidget.cpp(1031): warning C4018: '<': signed/unsigned mismatch
graphwidget.cpp(1096): warning C4244: '=': conversion from 'double' to 'int', possible loss of data
graphwidget.cpp(1103): warning C4244: '=': conversion from 'double' to 'int', possible loss of data
graphwidget.cpp(1107): warning C4244: '=': conversion from 'int' to 'float', possible loss of data
graphwidget.cpp(1108): warning C4244: '=': conversion from 'int' to 'float', possible loss of data
graphwidget.cpp(1134): warning C4244: '=': conversion from 'int' to 'float', possible loss of data
graphwidget.cpp(1135): warning C4244: '=': conversion from 'int' to 'float', possible loss of data
  indicatorwindow.cpp
indicatorwindow.cpp(40): warning C4018: '<': signed/unsigned mismatch
indicatorwindow.cpp(126): warning C4018: '<': signed/unsigned mismatch
indicatorwindow.cpp(148): warning C4018: '<': signed/unsigned mismatch
  rect.cpp
  rulerwindow.cpp
rulerwindow.cpp(59): warning C4018: '>=': signed/unsigned mismatch
rulerwindow.cpp(61): warning C4018: '<': signed/unsigned mismatch
rulerwindow.cpp(48): warning C4996: '_snprintf': This function or variable may be unsafe. Consider using _snprintf_s instead. To disable deprecation, use _CRT_SECURE_NO_WARNINGS. See online help for details.
  C:\Program Files (x86)\Windows Kits\10\Include\10.0.10240.0\ucrt\stdio.h(1952): note: see declaration of '_snprintf'
rulerwindow.cpp(74): warning C4996: 'strncpy': This function or variable may be unsafe. Consider using strncpy_s instead. To disable deprecation, use _CRT_SECURE_NO_WARNINGS. See online help for details.
  C:\Program Files (x86)\Windows Kits\10\Include\10.0.10240.0\ucrt\string.h(346): note: see declaration of 'strncpy'
  Generating Code...
fltk.lib(case.obj) : warning LNK4204: 'C:\Users\cktang\Desktop\AniSkelS17\Release\vc140.pdb' is missing debugging information for referencing module; linking object as if no debug info
fltk.lib(filename_absolute.obj) : warning LNK4204: 'C:\Users\cktang\Desktop\AniSkelS17\Release\vc140.pdb' is missing debugging information for referencing module; linking object as if no debug info
fltk.lib(filename_expand.obj) : warning LNK4204: 'C:\Users\cktang\Desktop\AniSkelS17\Release\vc140.pdb' is missing debugging information for referencing module; linking object as if no debug info
fltk.lib(filename_isdir.obj) : warning LNK4204: 'C:\Users\cktang\Desktop\AniSkelS17\Release\vc140.pdb' is missing debugging information for referencing module; linking object as if no debug info
fltk.lib(filename_list.obj) : warning LNK4204: 'C:\Users\cktang\Desktop\AniSkelS17\Release\vc140.pdb' is missing debugging information for referencing module; linking object as if no debug info
fltk.lib(filename_match.obj) : warning LNK4204: 'C:\Users\cktang\Desktop\AniSkelS17\Release\vc140.pdb' is missing debugging information for referencing module; linking object as if no debug info
fltk.lib(Fl.obj) : warning LNK4204: 'C:\Users\cktang\Desktop\AniSkelS17\Release\vc140.pdb' is missing debugging information for referencing module; linking object as if no debug info
fltk.lib(Fl_abort.obj) : warning LNK4204: 'C:\Users\cktang\Desktop\AniSkelS17\Release\vc140.pdb' is missing debugging information for referencing module; linking object as if no debug info
fltk.lib(fl_arc.obj) : warning LNK4204: 'C:\Users\cktang\Desktop\AniSkelS17\Release\vc140.pdb' is missing debugging information for referencing module; linking object as if no debug info
fltk.lib(fl_arci.obj) : warning LNK4204: 'C:\Users\cktang\Desktop\AniSkelS17\Release\vc140.pdb' is missing debugging information for referencing module; linking object as if no debug info
fltk.lib(fl_ask.obj) : warning LNK4204: 'C:\Users\cktang\Desktop\AniSkelS17\Release\vc140.pdb' is missing debugging information for referencing module; linking object as if no debug info
fltk.lib(Fl_Bitmap.obj) : warning LNK4204: 'C:\Users\cktang\Desktop\AniSkelS17\Release\vc140.pdb' is missing debugging information for referencing module; linking object as if no debug info
fltk.lib(Fl_Box.obj) : warning LNK4204: 'C:\Users\cktang\Desktop\AniSkelS17\Release\vc140.pdb' is missing debugging information for referencing module; linking object as if no debug info
fltk.lib(fl_boxtype.obj) : warning LNK4204: 'C:\Users\cktang\Desktop\AniSkelS17\Release\vc140.pdb' is missing debugging information for referencing module; linking object as if no debug info
fltk.lib(Fl_Browser.obj) : warning LNK4204: 'C:\Users\cktang\Desktop\AniSkelS17\Release\vc140.pdb' is missing debugging information for referencing module; linking object as if no debug info
fltk.lib(Fl_Browser_.obj) : warning LNK4204: 'C:\Users\cktang\Desktop\AniSkelS17\Release\vc140.pdb' is missing debugging information for referencing module; linking object as if no debug info
fltk.lib(Fl_Button.obj) : warning LNK4204: 'C:\Users\cktang\Desktop\AniSkelS17\Release\vc140.pdb' is missing debugging information for referencing module; linking object as if no debug info
fltk.lib(Fl_Check_Button.obj) : warning LNK4204: 'C:\Users\cktang\Desktop\AniSkelS17\Release\vc140.pdb' is missing debugging information for referencing module; linking object as if no debug info
fltk.lib(Fl_Choice.obj) : warning LNK4204: 'C:\Users\cktang\Desktop\AniSkelS17\Release\vc140.pdb' is missing debugging information for referencing module; linking object as if no debug info
fltk.lib(fl_color.obj) : warning LNK4204: 'C:\Users\cktang\Desktop\AniSkelS17\Release\vc140.pdb' is missing debugging information for referencing module; linking object as if no debug info
fltk.lib(Fl_compose.obj) : warning LNK4204: 'C:\Users\cktang\Desktop\AniSkelS17\Release\vc140.pdb' is missing debugging information for referencing module; linking object as if no debug info
fltk.lib(fl_cursor.obj) : warning LNK4204: 'C:\Users\cktang\Desktop\AniSkelS17\Release\vc140.pdb' is missing debugging information for referencing module; linking object as if no debug info
fltk.lib(fl_curve.obj) : warning LNK4204: 'C:\Users\cktang\Desktop\AniSkelS17\Release\vc140.pdb' is missing debugging information for referencing module; linking object as if no debug info
fltk.lib(Fl_Device.obj) : warning LNK4204: 'C:\Users\cktang\Desktop\AniSkelS17\Release\vc140.pdb' is missing debugging information for referencing module; linking object as if no debug info
fltk.lib(fl_dnd.obj) : warning LNK4204: 'C:\Users\cktang\Desktop\AniSkelS17\Release\vc140.pdb' is missing debugging information for referencing module; linking object as if no debug info
fltk.lib(Fl_Double_Window.obj) : warning LNK4204: 'C:\Users\cktang\Desktop\AniSkelS17\Release\vc140.pdb' is missing debugging information for referencing module; linking object as if no debug info
fltk.lib(fl_draw.obj) : warning LNK4204: 'C:\Users\cktang\Desktop\AniSkelS17\Release\vc140.pdb' is missing debugging information for referencing module; linking object as if no debug info
fltk.lib(fl_draw_image.obj) : warning LNK4204: 'C:\Users\cktang\Desktop\AniSkelS17\Release\vc140.pdb' is missing debugging information for referencing module; linking object as if no debug info
fltk.lib(fl_draw_pixmap.obj) : warning LNK4204: 'C:\Users\cktang\Desktop\AniSkelS17\Release\vc140.pdb' is missing debugging information for referencing module; linking object as if no debug info
fltk.lib(Fl_File_Browser.obj) : warning LNK4204: 'C:\Users\cktang\Desktop\AniSkelS17\Release\vc140.pdb' is missing debugging information for referencing module; linking object as if no debug info
fltk.lib(Fl_File_Chooser.obj) : warning LNK4204: 'C:\Users\cktang\Desktop\AniSkelS17\Release\vc140.pdb' is missing debugging information for referencing module; linking object as if no debug info
fltk.lib(Fl_File_Chooser2.obj) : warning LNK4204: 'C:\Users\cktang\Desktop\AniSkelS17\Release\vc140.pdb' is missing debugging information for referencing module; linking object as if no debug info
fltk.lib(fl_file_dir.obj) : warning LNK4204: 'C:\Users\cktang\Desktop\AniSkelS17\Release\vc140.pdb' is missing debugging information for referencing module; linking object as if no debug info
fltk.lib(Fl_File_Icon.obj) : warning LNK4204: 'C:\Users\cktang\Desktop\AniSkelS17\Release\vc140.pdb' is missing debugging information for referencing module; linking object as if no debug info
fltk.lib(Fl_File_Input.obj) : warning LNK4204: 'C:\Users\cktang\Desktop\AniSkelS17\Release\vc140.pdb' is missing debugging information for referencing module; linking object as if no debug info
fltk.lib(fl_font.obj) : warning LNK4204: 'C:\Users\cktang\Desktop\AniSkelS17\Release\vc140.pdb' is missing debugging information for referencing module; linking object as if no debug info
fltk.lib(Fl_get_system_colors.obj) : warning LNK4204: 'C:\Users\cktang\Desktop\AniSkelS17\Release\vc140.pdb' is missing debugging information for referencing module; linking object as if no debug info
fltk.lib(Fl_grab.obj) : warning LNK4204: 'C:\Users\cktang\Desktop\AniSkelS17\Release\vc140.pdb' is missing debugging information for referencing module; linking object as if no debug info
fltk.lib(Fl_Group.obj) : warning LNK4204: 'C:\Users\cktang\Desktop\AniSkelS17\Release\vc140.pdb' is missing debugging information for referencing module; linking object as if no debug info
fltk.lib(fl_gtk.obj) : warning LNK4204: 'C:\Users\cktang\Desktop\AniSkelS17\Release\vc140.pdb' is missing debugging information for referencing module; linking object as if no debug info
fltk.lib(fl_gleam.obj) : warning LNK4204: 'C:\Users\cktang\Desktop\AniSkelS17\Release\vc140.pdb' is missing debugging information for referencing module; linking object as if no debug info
fltk.lib(Fl_Image.obj) : warning LNK4204: 'C:\Users\cktang\Desktop\AniSkelS17\Release\vc140.pdb' is missing debugging information for referencing module; linking object as if no debug info
fltk.lib(Fl_Input.obj) : warning LNK4204: 'C:\Users\cktang\Desktop\AniSkelS17\Release\vc140.pdb' is missing debugging information for referencing module; linking object as if no debug info
fltk.lib(Fl_Input_.obj) : warning LNK4204: 'C:\Users\cktang\Desktop\AniSkelS17\Release\vc140.pdb' is missing debugging information for referencing module; linking object as if no debug info
fltk.lib(fl_labeltype.obj) : warning LNK4204: 'C:\Users\cktang\Desktop\AniSkelS17\Release\vc140.pdb' is missing debugging information for referencing module; linking object as if no debug info
fltk.lib(Fl_Light_Button.obj) : warning LNK4204: 'C:\Users\cktang\Desktop\AniSkelS17\Release\vc140.pdb' is missing debugging information for referencing module; linking object as if no debug info
fltk.lib(fl_line_style.obj) : warning LNK4204: 'C:\Users\cktang\Desktop\AniSkelS17\Release\vc140.pdb' is missing debugging information for referencing module; linking object as if no debug info
fltk.lib(Fl_lock.obj) : warning LNK4204: 'C:\Users\cktang\Desktop\AniSkelS17\Release\vc140.pdb' is missing debugging information for referencing module; linking object as if no debug info
fltk.lib(Fl_Menu.obj) : warning LNK4204: 'C:\Users\cktang\Desktop\AniSkelS17\Release\vc140.pdb' is missing debugging information for referencing module; linking object as if no debug info
fltk.lib(Fl_Menu_.obj) : warning LNK4204: 'C:\Users\cktang\Desktop\AniSkelS17\Release\vc140.pdb' is missing debugging information for referencing module; linking object as if no debug info
fltk.lib(Fl_Menu_add.obj) : warning LNK4204: 'C:\Users\cktang\Desktop\AniSkelS17\Release\vc140.pdb' is missing debugging information for referencing module; linking object as if no debug info
fltk.lib(Fl_Menu_Bar.obj) : warning LNK4204: 'C:\Users\cktang\Desktop\AniSkelS17\Release\vc140.pdb' is missing debugging information for referencing module; linking object as if no debug info
fltk.lib(Fl_Menu_Button.obj) : warning LNK4204: 'C:\Users\cktang\Desktop\AniSkelS17\Release\vc140.pdb' is missing debugging information for referencing module; linking object as if no debug info
fltk.lib(Fl_Menu_Window.obj) : warning LNK4204: 'C:\Users\cktang\Desktop\AniSkelS17\Release\vc140.pdb' is missing debugging information for referencing module; linking object as if no debug info
fltk.lib(Fl_Overlay_Window.obj) : warning LNK4204: 'C:\Users\cktang\Desktop\AniSkelS17\Release\vc140.pdb' is missing debugging information for referencing module; linking object as if no debug info
fltk.lib(Fl_Pack.obj) : warning LNK4204: 'C:\Users\cktang\Desktop\AniSkelS17\Release\vc140.pdb' is missing debugging information for referencing module; linking object as if no debug info
fltk.lib(Fl_Pixmap.obj) : warning LNK4204: 'C:\Users\cktang\Desktop\AniSkelS17\Release\vc140.pdb' is missing debugging information for referencing module; linking object as if no debug info
fltk.lib(fl_plastic.obj) : warning LNK4204: 'C:\Users\cktang\Desktop\AniSkelS17\Release\vc140.pdb' is missing debugging information for referencing module; linking object as if no debug info
fltk.lib(Fl_Preferences.obj) : warning LNK4204: 'C:\Users\cktang\Desktop\AniSkelS17\Release\vc140.pdb' is missing debugging information for referencing module; linking object as if no debug info
fltk.lib(fl_read_image.obj) : warning LNK4204: 'C:\Users\cktang\Desktop\AniSkelS17\Release\vc140.pdb' is missing debugging information for referencing module; linking object as if no debug info
fltk.lib(fl_rect.obj) : warning LNK4204: 'C:\Users\cktang\Desktop\AniSkelS17\Release\vc140.pdb' is missing debugging information for referencing module; linking object as if no debug info
fltk.lib(Fl_Repeat_Button.obj) : warning LNK4204: 'C:\Users\cktang\Desktop\AniSkelS17\Release\vc140.pdb' is missing debugging information for referencing module; linking object as if no debug info
fltk.lib(Fl_Return_Button.obj) : warning LNK4204: 'C:\Users\cktang\Desktop\AniSkelS17\Release\vc140.pdb' is missing debugging information for referencing module; linking object as if no debug info
fltk.lib(fl_round_box.obj) : warning LNK4204: 'C:\Users\cktang\Desktop\AniSkelS17\Release\vc140.pdb' is missing debugging information for referencing module; linking object as if no debug info
fltk.lib(Fl_Scroll.obj) : warning LNK4204: 'C:\Users\cktang\Desktop\AniSkelS17\Release\vc140.pdb' is missing debugging information for referencing module; linking object as if no debug info
fltk.lib(fl_scroll_area.obj) : warning LNK4204: 'C:\Users\cktang\Desktop\AniSkelS17\Release\vc140.pdb' is missing debugging information for referencing module; linking object as if no debug info
fltk.lib(Fl_Scrollbar.obj) : warning LNK4204: 'C:\Users\cktang\Desktop\AniSkelS17\Release\vc140.pdb' is missing debugging information for referencing module; linking object as if no debug info
fltk.lib(Fl_Shared_Image.obj) : warning LNK4204: 'C:\Users\cktang\Desktop\AniSkelS17\Release\vc140.pdb' is missing debugging information for referencing module; linking object as if no debug info
fltk.lib(fl_shortcut.obj) : warning LNK4204: 'C:\Users\cktang\Desktop\AniSkelS17\Release\vc140.pdb' is missing debugging information for referencing module; linking object as if no debug info
fltk.lib(Fl_Single_Window.obj) : warning LNK4204: 'C:\Users\cktang\Desktop\AniSkelS17\Release\vc140.pdb' is missing debugging information for referencing module; linking object as if no debug info
fltk.lib(Fl_Slider.obj) : warning LNK4204: 'C:\Users\cktang\Desktop\AniSkelS17\Release\vc140.pdb' is missing debugging information for referencing module; linking object as if no debug info
fltk.lib(fl_symbols.obj) : warning LNK4204: 'C:\Users\cktang\Desktop\AniSkelS17\Release\vc140.pdb' is missing debugging information for referencing module; linking object as if no debug info
fltk.lib(Fl_Tabs.obj) : warning LNK4204: 'C:\Users\cktang\Desktop\AniSkelS17\Release\vc140.pdb' is missing debugging information for referencing module; linking object as if no debug info
fltk.lib(Fl_Tile.obj) : warning LNK4204: 'C:\Users\cktang\Desktop\AniSkelS17\Release\vc140.pdb' is missing debugging information for referencing module; linking object as if no debug info
fltk.lib(Fl_Tiled_Image.obj) : warning LNK4204: 'C:\Users\cktang\Desktop\AniSkelS17\Release\vc140.pdb' is missing debugging information for referencing module; linking object as if no debug info
fltk.lib(Fl_Tooltip.obj) : warning LNK4204: 'C:\Users\cktang\Desktop\AniSkelS17\Release\vc140.pdb' is missing debugging information for referencing module; linking object as if no debug info
fltk.lib(fl_utf.obj) : warning LNK4204: 'C:\Users\cktang\Desktop\AniSkelS17\Release\vc140.pdb' is missing debugging information for referencing module; linking object as if no debug info
fltk.lib(fl_utf8.obj) : warning LNK4204: 'C:\Users\cktang\Desktop\AniSkelS17\Release\vc140.pdb' is missing debugging information for referencing module; linking object as if no debug info
fltk.lib(Fl_Valuator.obj) : warning LNK4204: 'C:\Users\cktang\Desktop\AniSkelS17\Release\vc140.pdb' is missing debugging information for referencing module; linking object as if no debug info
fltk.lib(Fl_Value_Slider.obj) : warning LNK4204: 'C:\Users\cktang\Desktop\AniSkelS17\Release\vc140.pdb' is missing debugging information for referencing module; linking object as if no debug info
fltk.lib(fl_vertex.obj) : warning LNK4204: 'C:\Users\cktang\Desktop\AniSkelS17\Release\vc140.pdb' is missing debugging information for referencing module; linking object as if no debug info
fltk.lib(Fl_visual.obj) : warning LNK4204: 'C:\Users\cktang\Desktop\AniSkelS17\Release\vc140.pdb' is missing debugging information for referencing module; linking object as if no debug info
fltk.lib(Fl_Widget.obj) : warning LNK4204: 'C:\Users\cktang\Desktop\AniSkelS17\Release\vc140.pdb' is missing debugging information for referencing module; linking object as if no debug info
fltk.lib(Fl_Window.obj) : warning LNK4204: 'C:\Users\cktang\Desktop\AniSkelS17\Release\vc140.pdb' is missing debugging information for referencing module; linking object as if no debug info
fltk.lib(Fl_Window_fullscreen.obj) : warning LNK4204: 'C:\Users\cktang\Desktop\AniSkelS17\Release\vc140.pdb' is missing debugging information for referencing module; linking object as if no debug info
fltk.lib(Fl_Window_hotspot.obj) : warning LNK4204: 'C:\Users\cktang\Desktop\AniSkelS17\Release\vc140.pdb' is missing debugging information for referencing module; linking object as if no debug info
fltk.lib(Fl_Window_shape.obj) : warning LNK4204: 'C:\Users\cktang\Desktop\AniSkelS17\Release\vc140.pdb' is missing debugging information for referencing module; linking object as if no debug info
fltk.lib(Fl_XBM_Image.obj) : warning LNK4204: 'C:\Users\cktang\Desktop\AniSkelS17\Release\vc140.pdb' is missing debugging information for referencing module; linking object as if no debug info
fltk.lib(Fl_XPM_Image.obj) : warning LNK4204: 'C:\Users\cktang\Desktop\AniSkelS17\Release\vc140.pdb' is missing debugging information for referencing module; linking object as if no debug info
fltk.lib(flstring.obj) : warning LNK4204: 'C:\Users\cktang\Desktop\AniSkelS17\Release\vc140.pdb' is missing debugging information for referencing module; linking object as if no debug info
fltk.lib(is_spacing.obj) : warning LNK4204: 'C:\Users\cktang\Desktop\AniSkelS17\Release\vc140.pdb' is missing debugging information for referencing module; linking object as if no debug info
fltk.lib(numericsort.obj) : warning LNK4204: 'C:\Users\cktang\Desktop\AniSkelS17\Release\vc140.pdb' is missing debugging information for referencing module; linking object as if no debug info
fltk.lib(scandir.obj) : warning LNK4204: 'C:\Users\cktang\Desktop\AniSkelS17\Release\vc140.pdb' is missing debugging information for referencing module; linking object as if no debug info
fltk.lib(screen_xywh.obj) : warning LNK4204: 'C:\Users\cktang\Desktop\AniSkelS17\Release\vc140.pdb' is missing debugging information for referencing module; linking object as if no debug info
fltk.lib(vsnprintf.obj) : warning LNK4204: 'C:\Users\cktang\Desktop\AniSkelS17\Release\vc140.pdb' is missing debugging information for referencing module; linking object as if no debug info
fltkgl.lib(Fl_Gl_Choice.obj) : warning LNK4204: 'C:\Users\cktang\Desktop\AniSkelS17\Release\vc140.pdb' is missing debugging information for referencing module; linking object as if no debug info
fltkgl.lib(Fl_Gl_Device_Plugin.obj) : warning LNK4204: 'C:\Users\cktang\Desktop\AniSkelS17\Release\vc140.pdb' is missing debugging information for referencing module; linking object as if no debug info
fltkgl.lib(Fl_Gl_Window.obj) : warning LNK4204: 'C:\Users\cktang\Desktop\AniSkelS17\Release\vc140.pdb' is missing debugging information for referencing module; linking object as if no debug info
fltkgl.lib(gl_draw.obj) : warning LNK4204: 'C:\Users\cktang\Desktop\AniSkelS17\Release\vc140.pdb' is missing debugging information for referencing module; linking object as if no debug info
  Animator.vcxproj -> C:\Users\cktang\Desktop\AniSkelS17\.\Release\modeler.exe
