c:\users\55211\desktop\comp\comp4411\assignment\assignment4\comp4411-project4\release\vc141.pdb
c:\users\55211\desktop\comp\comp4411\assignment\assignment4\comp4411-project4\release\rulerwindow.obj
c:\users\55211\desktop\comp\comp4411\assignment\assignment4\comp4411-project4\release\rect.obj
c:\users\55211\desktop\comp\comp4411\assignment\assignment4\comp4411-project4\release\indicatorwindow.obj
c:\users\55211\desktop\comp\comp4411\assignment\assignment4\comp4411-project4\release\graphwidget.obj
c:\users\55211\desktop\comp\comp4411\assignment\assignment4\comp4411-project4\release\pointobj.obj
c:\users\55211\desktop\comp\comp4411\assignment\assignment4\comp4411-project4\release\point.obj
c:\users\55211\desktop\comp\comp4411\assignment\assignment4\comp4411-project4\release\particlesystem.obj
c:\users\55211\desktop\comp\comp4411\assignment\assignment4\comp4411-project4\release\particle.obj
c:\users\55211\desktop\comp\comp4411\assignment\assignment4\comp4411-project4\release\bitmap.obj
c:\users\55211\desktop\comp\comp4411\assignment\assignment4\comp4411-project4\release\robotarm.obj
c:\users\55211\desktop\comp\comp4411\assignment\assignment4\comp4411-project4\release\modelerview.obj
c:\users\55211\desktop\comp\comp4411\assignment\assignment4\comp4411-project4\release\modeleruiwindows.obj
c:\users\55211\desktop\comp\comp4411\assignment\assignment4\comp4411-project4\release\modelerui.obj
c:\users\55211\desktop\comp\comp4411\assignment\assignment4\comp4411-project4\release\modelerdraw.obj
c:\users\55211\desktop\comp\comp4411\assignment\assignment4\comp4411-project4\release\modelerapp.obj
c:\users\55211\desktop\comp\comp4411\assignment\assignment4\comp4411-project4\release\camera.obj
c:\users\55211\desktop\comp\comp4411\assignment\assignment4\comp4411-project4\release\linearcurveevaluator.obj
c:\users\55211\desktop\comp\comp4411\assignment\assignment4\comp4411-project4\release\curveevaluator.obj
c:\users\55211\desktop\comp\comp4411\assignment\assignment4\comp4411-project4\release\curve.obj
c:\users\55211\desktop\comp\comp4411\assignment\assignment4\comp4411-project4\release\beziercurveevaluator.obj
c:\users\55211\desktop\comp\comp4411\assignment\assignment4\comp4411-project4\release\animator.pdb
c:\users\55211\desktop\comp\comp4411\assignment\assignment4\comp4411-project4\release\modeler.tlog\cl.command.1.tlog
c:\users\55211\desktop\comp\comp4411\assignment\assignment4\comp4411-project4\release\modeler.tlog\cl.read.1.tlog
c:\users\55211\desktop\comp\comp4411\assignment\assignment4\comp4411-project4\release\modeler.tlog\cl.write.1.tlog
c:\users\55211\desktop\comp\comp4411\assignment\assignment4\comp4411-project4\release\modeler.tlog\link-cvtres.read.1.tlog
c:\users\55211\desktop\comp\comp4411\assignment\assignment4\comp4411-project4\release\modeler.tlog\link-cvtres.write.1.tlog
c:\users\55211\desktop\comp\comp4411\assignment\assignment4\comp4411-project4\release\modeler.tlog\link-rc.read.1.tlog
c:\users\55211\desktop\comp\comp4411\assignment\assignment4\comp4411-project4\release\modeler.tlog\link-rc.write.1.tlog
c:\users\55211\desktop\comp\comp4411\assignment\assignment4\comp4411-project4\release\modeler.tlog\link.command.1.tlog
c:\users\55211\desktop\comp\comp4411\assignment\assignment4\comp4411-project4\release\modeler.tlog\link.read.1.tlog
c:\users\55211\desktop\comp\comp4411\assignment\assignment4\comp4411-project4\release\modeler.tlog\link.write.1.tlog
